[0000000000fda148] core libvlc: Running vlc with the default interface. Use 'cvlc' to use vlc without interface.
QObject::~QObject: Timers cannot be stopped from another thread
[00000000008f9148] core libvlc: Running vlc with the default interface. Use 'cvlc' to use vlc without interface.
libdvdnav: Using dvdnav version 5.0.3
libdvdnav: DVD Title: LES_MISERABLES
libdvdnav: DVD Serial Number: 423fb08a
libdvdnav: DVD Title (Alternative): DOMESTIC_R0
libdvdnav: DVD disk reports itself with Region mask 0x00fe0000. Regions: 1

libdvdread: Attempting to retrieve all CSS keys
libdvdread: This can take a _long_ time, please be patient

libdvdread: Get key for /VIDEO_TS/VIDEO_TS.VOB at 0x00000150
libdvdread: Elapsed time 1
libdvdread: Get key for /VIDEO_TS/VTS_01_1.VOB at 0x00018c6e
libdvdread: Elapsed time 0
libdvdread: Get key for /VIDEO_TS/VTS_02_1.VOB at 0x0001b1d8
libdvdread: Elapsed time 0
libdvdread: Get key for /VIDEO_TS/VTS_03_1.VOB at 0x0001b3f3
libdvdread: Elapsed time 0
libdvdread: Get key for /VIDEO_TS/VTS_04_1.VOB at 0x0001b46e
libdvdread: Elapsed time 0
libdvdread: Get key for /VIDEO_TS/VTS_05_1.VOB at 0x0001b498
libdvdread: Elapsed time 0
libdvdread: Get key for /VIDEO_TS/VTS_06_1.VOB at 0x0007c295
libdvdread: Elapsed time 0
libdvdread: Get key for /VIDEO_TS/VTS_07_1.VOB at 0x0007dc0b
libdvdread: Elapsed time 0
libdvdread: Get key for /VIDEO_TS/VTS_08_0.VOB at 0x0007dc5a
libdvdread: Elapsed time 1
libdvdread: Get key for /VIDEO_TS/VTS_08_1.VOB at 0x00089ecd
libdvdread: Elapsed time 0
libdvdread: Get key for /VIDEO_TS/VTS_09_1.VOB at 0x003c4c01
libdvdread: Elapsed time 0
libdvdread: Get key for /VIDEO_TS/VTS_10_1.VOB at 0x003d5b51
libdvdread: Elapsed time 0
libdvdread: Get key for /VIDEO_TS/VTS_11_1.VOB at 0x003d5b75
libdvdread: Elapsed time 0
libdvdread: Found 11 VTS's
libdvdread: Elapsed time 2
[00007f5d380009b8] core input error: ES_OUT_RESET_PCR called
[00007f5d380009b8] core input error: ES_OUT_RESET_PCR called
[00007f5d301a0848] avcodec decoder error: more than 5 seconds of late video -> dropping frame (computer too slow ?)
[00007f5d301a0848] avcodec decoder error: more than 5 seconds of late video -> dropping frame (computer too slow ?)
[00007f5d301a0848] avcodec decoder error: more than 5 seconds of late video -> dropping frame (computer too slow ?)
[00007f5d301a0848] avcodec decoder error: more than 5 seconds of late video -> dropping frame (computer too slow ?)
[00007f5d301a0848] avcodec decoder error: more than 5 seconds of late video -> dropping frame (computer too slow ?)
[00007f5d301a0848] avcodec decoder error: more than 5 seconds of late video -> dropping frame (computer too slow ?)
[00007f5d380009b8] core input error: ES_OUT_SET_(GROUP_)PCR  is called too late (pts_delay increased to 336 ms)
[00007f5d380009b8] core input error: ES_OUT_RESET_PCR called
[00007f5d380009b8] core input error: ES_OUT_RESET_PCR called
[00007f5d380009b8] core input error: ES_OUT_RESET_PCR called
[00007f5d380009b8] core input error: ES_OUT_RESET_PCR called
[00007f5d380009b8] core input error: ES_OUT_RESET_PCR called
[00007f5d380009b8] core input error: ES_OUT_RESET_PCR called
[00007f5d380009b8] core input error: ES_OUT_SET_(GROUP_)PCR  is called too late (pts_delay increased to 389 ms)
[00007f5d380009b8] core input error: ES_OUT_RESET_PCR called
[00007f5d380009b8] core input error: ES_OUT_RESET_PCR called
[00007f5d380009b8] core input error: ES_OUT_SET_(GROUP_)PCR  is called too late (pts_delay increased to 2102 ms)
[00007f5d380009b8] core input error: ES_OUT_RESET_PCR called
[00007f5d301b40a8] clock decoder error: Timestamp conversion failed (delay 2102607, buffering 100000, bound 3000000)
[00007f5d301b40a8] core decoder error: Could not convert timestamp 383345393084
[00007f5d380009b8] core input error: ES_OUT_SET_(GROUP_)PCR  is called too late (pts_delay increased to 2712 ms)
[00007f5d380009b8] core input error: ES_OUT_RESET_PCR called
[00007f5d301b40a8] clock decoder error: Timestamp conversion failed (delay 2712502, buffering 100000, bound 3000000)
[00007f5d301b40a8] core decoder error: Could not convert timestamp 384211549872
QObject::~QObject: Timers cannot be stopped from another thread
